2023-08-11T23:28:30+00:00 CRITICAL Uncaught Error: Failed opening required 'inc/class-storefront.php' (include_path='.:/usr/local/lib/php') in /var/www/html/wp-content/themes/storefront-child/functions.php:27
Stack trace:
#0 /var/www/html/wp-settings.php(600): include()
#1 /var/www/html/wp-config.php(135): require_once('/var/www/html/w...')
#2 /var/www/html/wp-load.php(50): require_once('/var/www/html/w...')
#3 /var/www/html/wp-blog-header.php(13): require_once('/var/www/html/w...')
#4 /var/www/html/index.php(17): require('/var/www/html/w...')
#5 {main}
  thrown in /var/www/html/wp-content/themes/storefront-child/functions.php on line 27

2023-08-11T23:30:42+00:00 CRITICAL Uncaught Error: Failed opening required '../storefront/inc/storefront-functions.php' (include_path='.:/usr/local/lib/php') in /var/www/html/wp-content/themes/storefront-child/functions.php:29
Stack trace:
#0 /var/www/html/wp-settings.php(600): include()
#1 /var/www/html/wp-config.php(135): require_once('/var/www/html/w...')
#2 /var/www/html/wp-load.php(50): require_once('/var/www/html/w...')
#3 /var/www/html/wp-blog-header.php(13): require_once('/var/www/html/w...')
#4 /var/www/html/index.php(17): require('/var/www/html/w...')
#5 {main}
  thrown in /var/www/html/wp-content/themes/storefront-child/functions.php on line 29

2023-08-11T23:30:43+00:00 CRITICAL Uncaught Error: Failed opening required '../storefront/inc/storefront-functions.php' (include_path='.:/usr/local/lib/php') in /var/www/html/wp-content/themes/storefront-child/functions.php:29
Stack trace:
#0 /var/www/html/wp-settings.php(600): include()
#1 /var/www/html/wp-config.php(135): require_once('/var/www/html/w...')
#2 /var/www/html/wp-load.php(50): require_once('/var/www/html/w...')
#3 /var/www/html/wp-blog-header.php(13): require_once('/var/www/html/w...')
#4 /var/www/html/index.php(17): require('/var/www/html/w...')
#5 {main}
  thrown in /var/www/html/wp-content/themes/storefront-child/functions.php on line 29

2023-08-11T23:31:42+00:00 CRITICAL Uncaught Error: Failed opening required '../storefront/inc/storefront-functions.php' (include_path='.:/usr/local/lib/php') in /var/www/html/wp-content/themes/storefront-child/functions.php:29
Stack trace:
#0 /var/www/html/wp-settings.php(600): include()
#1 /var/www/html/wp-config.php(135): require_once('/var/www/html/w...')
#2 /var/www/html/wp-load.php(50): require_once('/var/www/html/w...')
#3 /var/www/html/wp-blog-header.php(13): require_once('/var/www/html/w...')
#4 /var/www/html/index.php(17): require('/var/www/html/w...')
#5 {main}
  thrown in /var/www/html/wp-content/themes/storefront-child/functions.php on line 29

2023-08-11T23:45:35+00:00 CRITICAL Uncaught Error: Failed opening required '../storefront/functions.php' (include_path='.:/usr/local/lib/php') in /var/www/html/wp-content/themes/storefront-child/functions.php:3
Stack trace:
#0 /var/www/html/wp-settings.php(600): include()
#1 /var/www/html/wp-config.php(135): require_once('/var/www/html/w...')
#2 /var/www/html/wp-load.php(50): require_once('/var/www/html/w...')
#3 /var/www/html/wp-blog-header.php(13): require_once('/var/www/html/w...')
#4 /var/www/html/index.php(17): require('/var/www/html/w...')
#5 {main}
  thrown in /var/www/html/wp-content/themes/storefront-child/functions.php on line 3

2023-08-11T23:45:40+00:00 CRITICAL Uncaught Error: Failed opening required '../storefront/functions.ph' (include_path='.:/usr/local/lib/php') in /var/www/html/wp-content/themes/storefront-child/functions.php:3
Stack trace:
#0 /var/www/html/wp-settings.php(600): include()
#1 /var/www/html/wp-config.php(135): require_once('/var/www/html/w...')
#2 /var/www/html/wp-load.php(50): require_once('/var/www/html/w...')
#3 /var/www/html/wp-blog-header.php(13): require_once('/var/www/html/w...')
#4 /var/www/html/index.php(17): require('/var/www/html/w...')
#5 {main}
  thrown in /var/www/html/wp-content/themes/storefront-child/functions.php on line 3

2023-08-11T23:45:44+00:00 CRITICAL Uncaught Error: Failed opening required '../storefront/functions.php' (include_path='.:/usr/local/lib/php') in /var/www/html/wp-content/themes/storefront-child/functions.php:3
Stack trace:
#0 /var/www/html/wp-settings.php(600): include()
#1 /var/www/html/wp-config.php(135): require_once('/var/www/html/w...')
#2 /var/www/html/wp-load.php(50): require_once('/var/www/html/w...')
#3 /var/www/html/wp-blog-header.php(13): require_once('/var/www/html/w...')
#4 /var/www/html/index.php(17): require('/var/www/html/w...')
#5 {main}
  thrown in /var/www/html/wp-content/themes/storefront-child/functions.php on line 3

2023-08-11T23:46:02+00:00 CRITICAL Uncaught Error: Failed opening required '../storefront/functions.php' (include_path='.:/usr/local/lib/php') in /var/www/html/wp-content/themes/storefront-child/functions.php:3
Stack trace:
#0 /var/www/html/wp-settings.php(600): include()
#1 /var/www/html/wp-config.php(135): require_once('/var/www/html/w...')
#2 /var/www/html/wp-load.php(50): require_once('/var/www/html/w...')
#3 /var/www/html/wp-blog-header.php(13): require_once('/var/www/html/w...')
#4 /var/www/html/index.php(17): require('/var/www/html/w...')
#5 {main}
  thrown in /var/www/html/wp-content/themes/storefront-child/functions.php on line 3

2023-08-11T23:46:24+00:00 CRITICAL Uncaught Error: Failed opening required '../storefront/functions.php' (include_path='.:/usr/local/lib/php') in /var/www/html/wp-content/themes/storefront-child/functions.php:3
Stack trace:
#0 /var/www/html/wp-settings.php(600): include()
#1 /var/www/html/wp-config.php(135): require_once('/var/www/html/w...')
#2 /var/www/html/wp-load.php(50): require_once('/var/www/html/w...')
#3 /var/www/html/wp-admin/admin-ajax.php(22): require_once('/var/www/html/w...')
#4 {main}
  thrown in /var/www/html/wp-content/themes/storefront-child/functions.php on line 3

2023-08-11T23:48:16+00:00 CRITICAL Uncaught Error: Failed opening required '../storefront/functions.php' (include_path='.:/usr/local/lib/php') in /var/www/html/wp-content/themes/storefront-child/functions.php:3
Stack trace:
#0 /var/www/html/wp-settings.php(600): include()
#1 /var/www/html/wp-config.php(135): require_once('/var/www/html/w...')
#2 /var/www/html/wp-load.php(50): require_once('/var/www/html/w...')
#3 /var/www/html/wp-blog-header.php(13): require_once('/var/www/html/w...')
#4 /var/www/html/index.php(17): require('/var/www/html/w...')
#5 {main}
  thrown in /var/www/html/wp-content/themes/storefront-child/functions.php on line 3

2023-08-11T23:48:25+00:00 CRITICAL Uncaught Error: Failed opening required '../storefront/functions.php' (include_path='.:/usr/local/lib/php') in /var/www/html/wp-content/themes/storefront-child/functions.php:3
Stack trace:
#0 /var/www/html/wp-settings.php(600): include()
#1 /var/www/html/wp-config.php(135): require_once('/var/www/html/w...')
#2 /var/www/html/wp-load.php(50): require_once('/var/www/html/w...')
#3 /var/www/html/wp-admin/admin-ajax.php(22): require_once('/var/www/html/w...')
#4 {main}
  thrown in /var/www/html/wp-content/themes/storefront-child/functions.php on line 3

2023-08-11T23:48:36+00:00 CRITICAL Uncaught Error: Failed opening required '../storefront/functions.php' (include_path='.:/usr/local/lib/php') in /var/www/html/wp-content/themes/storefront-child/functions.php:3
Stack trace:
#0 /var/www/html/wp-settings.php(600): include()
#1 /var/www/html/wp-config.php(135): require_once('/var/www/html/w...')
#2 /var/www/html/wp-load.php(50): require_once('/var/www/html/w...')
#3 /var/www/html/wp-blog-header.php(13): require_once('/var/www/html/w...')
#4 /var/www/html/index.php(17): require('/var/www/html/w...')
#5 {main}
  thrown in /var/www/html/wp-content/themes/storefront-child/functions.php on line 3

2023-08-11T23:48:38+00:00 CRITICAL Uncaught Error: Failed opening required '../storefront/functions.php' (include_path='.:/usr/local/lib/php') in /var/www/html/wp-content/themes/storefront-child/functions.php:3
Stack trace:
#0 /var/www/html/wp-settings.php(600): include()
#1 /var/www/html/wp-config.php(135): require_once('/var/www/html/w...')
#2 /var/www/html/wp-load.php(50): require_once('/var/www/html/w...')
#3 /var/www/html/wp-blog-header.php(13): require_once('/var/www/html/w...')
#4 /var/www/html/index.php(17): require('/var/www/html/w...')
#5 {main}
  thrown in /var/www/html/wp-content/themes/storefront-child/functions.php on line 3

2023-08-11T23:49:38+00:00 CRITICAL Uncaught Error: Failed opening required '../storefront/functions.php' (include_path='.:/usr/local/lib/php') in /var/www/html/wp-content/themes/storefront-child/functions.php:3
Stack trace:
#0 /var/www/html/wp-settings.php(600): include()
#1 /var/www/html/wp-config.php(135): require_once('/var/www/html/w...')
#2 /var/www/html/wp-load.php(50): require_once('/var/www/html/w...')
#3 /var/www/html/wp-blog-header.php(13): require_once('/var/www/html/w...')
#4 /var/www/html/index.php(17): require('/var/www/html/w...')
#5 {main}
  thrown in /var/www/html/wp-content/themes/storefront-child/functions.php on line 3

2023-08-11T23:50:26+00:00 CRITICAL Uncaught Error: Failed opening required '../storefront/functions.php' (include_path='.:/usr/local/lib/php') in /var/www/html/wp-content/themes/storefront-child/functions.php:3
Stack trace:
#0 /var/www/html/wp-settings.php(600): include()
#1 /var/www/html/wp-config.php(135): require_once('/var/www/html/w...')
#2 /var/www/html/wp-load.php(50): require_once('/var/www/html/w...')
#3 /var/www/html/wp-admin/admin-ajax.php(22): require_once('/var/www/html/w...')
#4 {main}
  thrown in /var/www/html/wp-content/themes/storefront-child/functions.php on line 3

2023-08-11T23:50:39+00:00 CRITICAL Uncaught Error: Failed opening required '../storefront/functions.php' (include_path='.:/usr/local/lib/php') in /var/www/html/wp-content/themes/storefront-child/functions.php:3
Stack trace:
#0 /var/www/html/wp-settings.php(600): include()
#1 /var/www/html/wp-config.php(135): require_once('/var/www/html/w...')
#2 /var/www/html/wp-load.php(50): require_once('/var/www/html/w...')
#3 /var/www/html/wp-blog-header.php(13): require_once('/var/www/html/w...')
#4 /var/www/html/index.php(17): require('/var/www/html/w...')
#5 {main}
  thrown in /var/www/html/wp-content/themes/storefront-child/functions.php on line 3

2023-08-11T23:50:43+00:00 CRITICAL Uncaught Error: Failed opening required '/home/urbanski/projetos/app_sublime/wp-content/themes/storefront/functions.php' (include_path='.:/usr/local/lib/php') in /var/www/html/wp-content/themes/storefront-child/functions.php:3
Stack trace:
#0 /var/www/html/wp-settings.php(600): include()
#1 /var/www/html/wp-config.php(135): require_once('/var/www/html/w...')
#2 /var/www/html/wp-load.php(50): require_once('/var/www/html/w...')
#3 /var/www/html/wp-blog-header.php(13): require_once('/var/www/html/w...')
#4 /var/www/html/index.php(17): require('/var/www/html/w...')
#5 {main}
  thrown in /var/www/html/wp-content/themes/storefront-child/functions.php on line 3

2023-08-11T23:50:44+00:00 CRITICAL Uncaught Error: Failed opening required '/home/urbanski/projetos/app_sublime/wp-content/themes/storefront/functions.php' (include_path='.:/usr/local/lib/php') in /var/www/html/wp-content/themes/storefront-child/functions.php:3
Stack trace:
#0 /var/www/html/wp-settings.php(600): include()
#1 /var/www/html/wp-config.php(135): require_once('/var/www/html/w...')
#2 /var/www/html/wp-load.php(50): require_once('/var/www/html/w...')
#3 /var/www/html/wp-blog-header.php(13): require_once('/var/www/html/w...')
#4 /var/www/html/index.php(17): require('/var/www/html/w...')
#5 {main}
  thrown in /var/www/html/wp-content/themes/storefront-child/functions.php on line 3

2023-08-11T23:50:57+00:00 CRITICAL Uncaught Error: Failed opening required '../storefront/functions.php' (include_path='.:/usr/local/lib/php') in /var/www/html/wp-content/themes/storefront-child/functions.php:3
Stack trace:
#0 /var/www/html/wp-settings.php(600): include()
#1 /var/www/html/wp-config.php(135): require_once('/var/www/html/w...')
#2 /var/www/html/wp-load.php(50): require_once('/var/www/html/w...')
#3 /var/www/html/wp-blog-header.php(13): require_once('/var/www/html/w...')
#4 /var/www/html/index.php(17): require('/var/www/html/w...')
#5 {main}
  thrown in /var/www/html/wp-content/themes/storefront-child/functions.php on line 3

2023-08-11T23:51:32+00:00 CRITICAL Uncaught Error: Call to undefined function import() in /var/www/html/wp-content/themes/storefront-child/functions.php:3
Stack trace:
#0 /var/www/html/wp-settings.php(600): include()
#1 /var/www/html/wp-config.php(135): require_once('/var/www/html/w...')
#2 /var/www/html/wp-load.php(50): require_once('/var/www/html/w...')
#3 /var/www/html/wp-blog-header.php(13): require_once('/var/www/html/w...')
#4 /var/www/html/index.php(17): require('/var/www/html/w...')
#5 {main}
  thrown in /var/www/html/wp-content/themes/storefront-child/functions.php on line 3

2023-08-11T23:52:03+00:00 CRITICAL Uncaught Error: Failed opening required './storefront/functions.php' (include_path='.:/usr/local/lib/php') in /var/www/html/wp-content/themes/storefront-child/functions.php:3
Stack trace:
#0 /var/www/html/wp-settings.php(600): include()
#1 /var/www/html/wp-config.php(135): require_once('/var/www/html/w...')
#2 /var/www/html/wp-load.php(50): require_once('/var/www/html/w...')
#3 /var/www/html/wp-blog-header.php(13): require_once('/var/www/html/w...')
#4 /var/www/html/index.php(17): require('/var/www/html/w...')
#5 {main}
  thrown in /var/www/html/wp-content/themes/storefront-child/functions.php on line 3

2023-08-11T23:52:07+00:00 CRITICAL Uncaught Error: Failed opening required '../storefront/functions.php' (include_path='.:/usr/local/lib/php') in /var/www/html/wp-content/themes/storefront-child/functions.php:3
Stack trace:
#0 /var/www/html/wp-settings.php(600): include()
#1 /var/www/html/wp-config.php(135): require_once('/var/www/html/w...')
#2 /var/www/html/wp-load.php(50): require_once('/var/www/html/w...')
#3 /var/www/html/wp-blog-header.php(13): require_once('/var/www/html/w...')
#4 /var/www/html/index.php(17): require('/var/www/html/w...')
#5 {main}
  thrown in /var/www/html/wp-content/themes/storefront-child/functions.php on line 3

2023-08-11T23:52:13+00:00 CRITICAL Uncaught Error: Failed opening required '../../storefront/functions.php' (include_path='.:/usr/local/lib/php') in /var/www/html/wp-content/themes/storefront-child/functions.php:3
Stack trace:
#0 /var/www/html/wp-settings.php(600): include()
#1 /var/www/html/wp-config.php(135): require_once('/var/www/html/w...')
#2 /var/www/html/wp-load.php(50): require_once('/var/www/html/w...')
#3 /var/www/html/wp-blog-header.php(13): require_once('/var/www/html/w...')
#4 /var/www/html/index.php(17): require('/var/www/html/w...')
#5 {main}
  thrown in /var/www/html/wp-content/themes/storefront-child/functions.php on line 3

2023-08-11T23:52:20+00:00 CRITICAL Uncaught Error: Failed opening required 'storefront/functions.php' (include_path='.:/usr/local/lib/php') in /var/www/html/wp-content/themes/storefront-child/functions.php:3
Stack trace:
#0 /var/www/html/wp-settings.php(600): include()
#1 /var/www/html/wp-config.php(135): require_once('/var/www/html/w...')
#2 /var/www/html/wp-load.php(50): require_once('/var/www/html/w...')
#3 /var/www/html/wp-blog-header.php(13): require_once('/var/www/html/w...')
#4 /var/www/html/index.php(17): require('/var/www/html/w...')
#5 {main}
  thrown in /var/www/html/wp-content/themes/storefront-child/functions.php on line 3

2023-08-11T23:52:23+00:00 CRITICAL Uncaught Error: Failed opening required '/storefront/functions.php' (include_path='.:/usr/local/lib/php') in /var/www/html/wp-content/themes/storefront-child/functions.php:3
Stack trace:
#0 /var/www/html/wp-settings.php(600): include()
#1 /var/www/html/wp-config.php(135): require_once('/var/www/html/w...')
#2 /var/www/html/wp-load.php(50): require_once('/var/www/html/w...')
#3 /var/www/html/wp-blog-header.php(13): require_once('/var/www/html/w...')
#4 /var/www/html/index.php(17): require('/var/www/html/w...')
#5 {main}
  thrown in /var/www/html/wp-content/themes/storefront-child/functions.php on line 3

2023-08-11T23:52:25+00:00 CRITICAL Uncaught Error: Failed opening required './storefront/functions.php' (include_path='.:/usr/local/lib/php') in /var/www/html/wp-content/themes/storefront-child/functions.php:3
Stack trace:
#0 /var/www/html/wp-settings.php(600): include()
#1 /var/www/html/wp-config.php(135): require_once('/var/www/html/w...')
#2 /var/www/html/wp-load.php(50): require_once('/var/www/html/w...')
#3 /var/www/html/wp-blog-header.php(13): require_once('/var/www/html/w...')
#4 /var/www/html/index.php(17): require('/var/www/html/w...')
#5 {main}
  thrown in /var/www/html/wp-content/themes/storefront-child/functions.php on line 3

2023-08-11T23:52:27+00:00 CRITICAL Uncaught Error: Failed opening required '../storefront/functions.php' (include_path='.:/usr/local/lib/php') in /var/www/html/wp-content/themes/storefront-child/functions.php:3
Stack trace:
#0 /var/www/html/wp-settings.php(600): include()
#1 /var/www/html/wp-config.php(135): require_once('/var/www/html/w...')
#2 /var/www/html/wp-load.php(50): require_once('/var/www/html/w...')
#3 /var/www/html/wp-admin/admin-ajax.php(22): require_once('/var/www/html/w...')
#4 {main}
  thrown in /var/www/html/wp-content/themes/storefront-child/functions.php on line 3

2023-08-11T23:52:28+00:00 CRITICAL Uncaught Error: Failed opening required '../storefront/functions.php' (include_path='.:/usr/local/lib/php') in /var/www/html/wp-content/themes/storefront-child/functions.php:3
Stack trace:
#0 /var/www/html/wp-settings.php(600): include()
#1 /var/www/html/wp-config.php(135): require_once('/var/www/html/w...')
#2 /var/www/html/wp-load.php(50): require_once('/var/www/html/w...')
#3 /var/www/html/wp-blog-header.php(13): require_once('/var/www/html/w...')
#4 /var/www/html/index.php(17): require('/var/www/html/w...')
#5 {main}
  thrown in /var/www/html/wp-content/themes/storefront-child/functions.php on line 3

2023-08-11T23:53:14+00:00 CRITICAL Uncaught Error: Failed opening required '../storefront/functions.php' (include_path='.:/usr/local/lib/php') in /var/www/html/wp-content/themes/storefront-child/functions.php:3
Stack trace:
#0 /var/www/html/wp-settings.php(600): include()
#1 /var/www/html/wp-config.php(135): require_once('/var/www/html/w...')
#2 /var/www/html/wp-load.php(50): require_once('/var/www/html/w...')
#3 /var/www/html/wp-blog-header.php(13): require_once('/var/www/html/w...')
#4 /var/www/html/index.php(17): require('/var/www/html/w...')
#5 {main}
  thrown in /var/www/html/wp-content/themes/storefront-child/functions.php on line 3

2023-08-11T23:54:48+00:00 CRITICAL Uncaught Error: Call to undefined function storefront_header_styles() in /var/www/html/wp-content/themes/storefront/header.php:30
Stack trace:
#0 /var/www/html/wp-includes/template.php(785): require_once()
#1 /var/www/html/wp-includes/template.php(720): load_template('/var/www/html/w...', true, Array)
#2 /var/www/html/wp-includes/general-template.php(48): locate_template(Array, true, true, Array)
#3 /var/www/html/wp-content/themes/storefront/index.php(14): get_header()
#4 /var/www/html/wp-includes/template-loader.php(106): include('/var/www/html/w...')
#5 /var/www/html/wp-blog-header.php(19): require_once('/var/www/html/w...')
#6 /var/www/html/index.php(17): require('/var/www/html/w...')
#7 {main}
  thrown in /var/www/html/wp-content/themes/storefront/header.php on line 30

